  {
    "@timestamp": "2022-12-27T16:33:43.566Z",
    "event": {
      "outcome": "success",
      "kind": "event",
      "code": 4624,
      "provider": "Microsoft-Windows-Security-Auditing",
      "action": "Logon",
      "created": "2022-12-27T20:24:57.867Z"
    },
    "host": {
      "name": "EC2AMAZ-QKFFDE6",
      "architecture": "x86_64",
      "os": {
        "platform": "windows",
        "version": "10.0",
        "family": "windows",
        "name": "Windows Server 2022 Datacenter",
        "kernel": "10.0.20348.1366 (WinBuild.160101.0800)",
        "build": "20348.1366",
        "type": "windows"
      },
      "id": "9fd5e9f9-fecb-4a81-91b1-5a4368efef12",
      "ip": [
        "fe80::b1f1:86c3:c3fb:8097",
        "172.31.84.109"
      ],
      "mac": [
        "12:81:05:d6:d5:4f"
      ],
      "hostname": "EC2AMAZ-QKFFDE6"
    },
    "log": {
      "level": "information"
    },
    "message": "An account was successfully logged on.\n\nSubject:\n\tSecurity ID:\t\tS-1-5-18\n\tAccount Name:\t\tEC2AMAZ-QKFFDE6$\n\tAccount Domain:\t\tWORKGROUP\n\tLogon ID:\t\t0x3E7\n\nLogon Information:\n\tLogon Type:\t\t5\n\tRestricted Admin Mode:\t-\n\tVirtual Account:\t\tNo\n\tElevated Token:\t\tYes\n\nImpersonation Level:\t\tImpersonation\n\nNew Logon:\n\tSecurity ID:\t\tS-1-5-18\n\tAccount Name:\t\tSYSTEM\n\tAccount Domain:\t\tNT AUTHORITY\n\tLogon ID:\t\t0x3E7\n\tLinked Logon ID:\t\t0x0\n\tNetwork Account Name:\t-\n\tNetwork Account Domain:\t-\n\tLogon GUID:\t\t{00000000-0000-0000-0000-000000000000}\n\nProcess Information:\n\tProcess ID:\t\t0x318\n\tProcess Name:\t\tC:\\Windows\\System32\\services.exe\n\nNetwork Information:\n\tWorkstation Name:\t-\n\tSource Network Address:\t-\n\tSource Port:\t\t-\n\nDetailed Authentication Information:\n\tLogon Process:\t\tAdvapi  \n\tAuthentication Package:\tNegotiate\n\tTransited Services:\t-\n\tPackage Name (NTLM only):\t-\n\tKey Length:\t\t0\n\nThis event is generated when a logon session is created. It is generated on the computer that was accessed.\n\nThe subject fields indicate the account on the local system which requested the logon. This is most commonly a service such as the Server service, or a local process such as Winlogon.exe or Services.exe.\n\nThe logon type field indicates the kind of logon that occurred. The most common types are 2 (interactive) and 3 (network).\n\nThe New Logon fields indicate the account for whom the new logon was created, i.e. the account that was logged on.\n\nThe network fields indicate where a remote logon request originated. Workstation name is not always available and may be left blank in some cases.\n\nThe impersonation level field indicates the extent to which a process in the logon session can impersonate.\n\nThe authentication information fields provide detailed information about this specific logon request.\n\t- Logon GUID is a unique identifier that can be used to correlate this event with a KDC event.\n\t- Transited services indicate which intermediate services have participated in this logon request.\n\t- Package name indicates which sub-protocol was used among the NTLM protocols.\n\t- Key length indicates the length of the generated session key. This will be 0 if no session key was requested.",
    "ecs": {
      "version": "1.8.0"
    },
    "agent": {
      "ephemeral_id": "795ee5e3-956c-4d7b-9e75-4f20034d2294",
      "id": "1330b689-9f3a-4ce9-8434-940731941cb8",
      "name": "EC2AMAZ-QKFFDE6",
      "type": "winlogbeat",
      "version": "7.12.1",
      "hostname": "EC2AMAZ-QKFFDE6"
    },
    "cloud": {
      "provider": "aws",
      "instance": {
        "id": "i-0ed8f078417e7c314"
      },
      "machine": {
        "type": "t2.micro"
      },
      "region": "us-east-1",
      "availability_zone": "us-east-1d",
      "account": {
        "id": "397721537873"
      },
      "image": {
        "id": "ami-0be29bafdaad782db"
      }
    },
    "winlog": {
      "record_id": 108962,
      "provider_guid": "{54849625-5478-4994-a5ba-3e3b0328c30d}",
      "provider_name": "Microsoft-Windows-Security-Auditing",
      "event_id": 4624,
      "event_data": {
        "SubjectUserSid": "S-1-5-18",
        "ElevatedToken": "%%1842",
        "TargetLogonId": "0x3e7",
        "LogonProcessName": "Advapi  ",
        "SubjectUserName": "EC2AMAZ-QKFFDE6$",
        "IpAddress": "-",
        "LogonGuid": "{00000000-0000-0000-0000-000000000000}",
        "LmPackageName": "-",
        "RestrictedAdminMode": "-",
        "VirtualAccount": "%%1843",
        "TargetUserName": "SYSTEM",
        "AuthenticationPackageName": "Negotiate",
        "ProcessName": "C:\\Windows\\System32\\services.exe",
        "ImpersonationLevel": "%%1833",
        "TargetUserSid": "S-1-5-18",
        "TargetOutboundUserName": "-",
        "TargetDomainName": "NT AUTHORITY",
        "TargetOutboundDomainName": "-",
        "IpPort": "-",
        "TargetLinkedLogonId": "0x0",
        "KeyLength": "0",
        "TransmittedServices": "-",
        "WorkstationName": "-",
        "SubjectDomainName": "WORKGROUP",
        "ProcessId": "0x318",
        "SubjectLogonId": "0x3e7",
        "LogonType": "5"
      },
      "opcode": "Info",
      "channel": "Security",
      "version": 2,
      "keywords": [
        "Audit Success"
      ],
      "task": "Logon",
      "activity_id": "{f04d833f-1a10-0000-d384-4df0101ad901}",
      "process": {
        "pid": 804,
        "thread": {
          "id": 844
        }
      },
      "api": "wineventlog",
      "computer_name": "EC2AMAZ-QKFFDE6"
    }
  },
  {
    "@timestamp": "2022-12-27T16:33:43.477Z",
    "cloud": {
      "provider": "aws",
      "instance": {
        "id": "i-0ed8f078417e7c314"
      },
      "machine": {
        "type": "t2.micro"
      },
      "region": "us-east-1",
      "availability_zone": "us-east-1d",
      "account": {
        "id": "397721537873"
      },
      "image": {
        "id": "ami-0be29bafdaad782db"
      }
    },
    "log": {
      "level": "information"
    },
    "message": "An account was successfully logged on.\n\nSubject:\n\tSecurity ID:\t\tS-1-5-18\n\tAccount Name:\t\tEC2AMAZ-QKFFDE6$\n\tAccount Domain:\t\tWORKGROUP\n\tLogon ID:\t\t0x3E7\n\nLogon Information:\n\tLogon Type:\t\t5\n\tRestricted Admin Mode:\t-\n\tVirtual Account:\t\tNo\n\tElevated Token:\t\tYes\n\nImpersonation Level:\t\tImpersonation\n\nNew Logon:\n\tSecurity ID:\t\tS-1-5-18\n\tAccount Name:\t\tSYSTEM\n\tAccount Domain:\t\tNT AUTHORITY\n\tLogon ID:\t\t0x3E7\n\tLinked Logon ID:\t\t0x0\n\tNetwork Account Name:\t-\n\tNetwork Account Domain:\t-\n\tLogon GUID:\t\t{00000000-0000-0000-0000-000000000000}\n\nProcess Information:\n\tProcess ID:\t\t0x318\n\tProcess Name:\t\tC:\\Windows\\System32\\services.exe\n\nNetwork Information:\n\tWorkstation Name:\t-\n\tSource Network Address:\t-\n\tSource Port:\t\t-\n\nDetailed Authentication Information:\n\tLogon Process:\t\tAdvapi  \n\tAuthentication Package:\tNegotiate\n\tTransited Services:\t-\n\tPackage Name (NTLM only):\t-\n\tKey Length:\t\t0\n\nThis event is generated when a logon session is created. It is generated on the computer that was accessed.\n\nThe subject fields indicate the account on the local system which requested the logon. This is most commonly a service such as the Server service, or a local process such as Winlogon.exe or Services.exe.\n\nThe logon type field indicates the kind of logon that occurred. The most common types are 2 (interactive) and 3 (network).\n\nThe New Logon fields indicate the account for whom the new logon was created, i.e. the account that was logged on.\n\nThe network fields indicate where a remote logon request originated. Workstation name is not always available and may be left blank in some cases.\n\nThe impersonation level field indicates the extent to which a process in the logon session can impersonate.\n\nThe authentication information fields provide detailed information about this specific logon request.\n\t- Logon GUID is a unique identifier that can be used to correlate this event with a KDC event.\n\t- Transited services indicate which intermediate services have participated in this logon request.\n\t- Package name indicates which sub-protocol was used among the NTLM protocols.\n\t- Key length indicates the length of the generated session key. This will be 0 if no session key was requested.",
    "winlog": {
      "event_id": 4624,
      "channel": "Security",
      "provider_guid": "{54849625-5478-4994-a5ba-3e3b0328c30d}",
      "activity_id": "{f04d833f-1a10-0000-d384-4df0101ad901}",
      "event_data": {
        "TargetDomainName": "NT AUTHORITY",
        "SubjectDomainName": "WORKGROUP",
        "LogonType": "5",
        "TargetUserName": "SYSTEM",
        "ProcessId": "0x318",
        "VirtualAccount": "%%1843",
        "WorkstationName": "-",
        "TargetUserSid": "S-1-5-18",
        "SubjectLogonId": "0x3e7",
        "ImpersonationLevel": "%%1833",
        "KeyLength": "0",
        "IpPort": "-",
        "AuthenticationPackageName": "Negotiate",
        "TransmittedServices": "-",
        "RestrictedAdminMode": "-",
        "ElevatedToken": "%%1842",
        "TargetOutboundUserName": "-",
        "LmPackageName": "-",
        "ProcessName": "C:\\Windows\\System32\\services.exe",
        "SubjectUserSid": "S-1-5-18",
        "LogonGuid": "{00000000-0000-0000-0000-000000000000}",
        "TargetLinkedLogonId": "0x0",
        "LogonProcessName": "Advapi  ",
        "TargetLogonId": "0x3e7",
        "SubjectUserName": "EC2AMAZ-QKFFDE6$",
        "IpAddress": "-",
        "TargetOutboundDomainName": "-"
      },
      "task": "Logon",
      "record_id": 108960,
      "computer_name": "EC2AMAZ-QKFFDE6",
      "opcode": "Info",
      "api": "wineventlog",
      "keywords": [
        "Audit Success"
      ],
      "provider_name": "Microsoft-Windows-Security-Auditing",
      "process": {
        "pid": 804,
        "thread": {
          "id": 844
        }
      },
      "version": 2
    },
    "event": {
      "outcome": "success",
      "kind": "event",
      "code": 4624,
      "provider": "Microsoft-Windows-Security-Auditing",
      "action": "Logon",
      "created": "2022-12-27T20:24:57.867Z"
    },
    "host": {
      "architecture": "x86_64",
      "os": {
        "type": "windows",
        "platform": "windows",
        "version": "10.0",
        "family": "windows",
        "name": "Windows Server 2022 Datacenter",
        "kernel": "10.0.20348.1366 (WinBuild.160101.0800)",
        "build": "20348.1366"
      },
      "id": "9fd5e9f9-fecb-4a81-91b1-5a4368efef12",
      "name": "EC2AMAZ-QKFFDE6",
      "ip": [
        "fe80::b1f1:86c3:c3fb:8097",
        "172.31.84.109"
      ],
      "mac": [
        "12:81:05:d6:d5:4f"
      ],
      "hostname": "EC2AMAZ-QKFFDE6"
    },
    "ecs": {
      "version": "1.8.0"
    },
    "agent": {
      "name": "EC2AMAZ-QKFFDE6",
      "type": "winlogbeat",
      "version": "7.12.1",
      "hostname": "EC2AMAZ-QKFFDE6",
      "ephemeral_id": "795ee5e3-956c-4d7b-9e75-4f20034d2294",
      "id": "1330b689-9f3a-4ce9-8434-940731941cb8"
    }
  },
  {
    "@timestamp": "2022-12-27T16:33:43.448Z",
    "ecs": {
      "version": "1.8.0"
    },
    "agent": {
      "version": "7.12.1",
      "hostname": "EC2AMAZ-QKFFDE6",
      "ephemeral_id": "795ee5e3-956c-4d7b-9e75-4f20034d2294",
      "id": "1330b689-9f3a-4ce9-8434-940731941cb8",
      "name": "EC2AMAZ-QKFFDE6",
      "type": "winlogbeat"
    },
    "cloud": {
      "account": {
        "id": "397721537873"
      },
      "image": {
        "id": "ami-0be29bafdaad782db"
      },
      "provider": "aws",
      "instance": {
        "id": "i-0ed8f078417e7c314"
      },
      "machine": {
        "type": "t2.micro"
      },
      "region": "us-east-1",
      "availability_zone": "us-east-1d"
    },
    "log": {
      "level": "information"
    },
    "message": "An account was successfully logged on.\n\nSubject:\n\tSecurity ID:\t\tS-1-5-18\n\tAccount Name:\t\tEC2AMAZ-QKFFDE6$\n\tAccount Domain:\t\tWORKGROUP\n\tLogon ID:\t\t0x3E7\n\nLogon Information:\n\tLogon Type:\t\t5\n\tRestricted Admin Mode:\t-\n\tVirtual Account:\t\tNo\n\tElevated Token:\t\tYes\n\nImpersonation Level:\t\tImpersonation\n\nNew Logon:\n\tSecurity ID:\t\tS-1-5-18\n\tAccount Name:\t\tSYSTEM\n\tAccount Domain:\t\tNT AUTHORITY\n\tLogon ID:\t\t0x3E7\n\tLinked Logon ID:\t\t0x0\n\tNetwork Account Name:\t-\n\tNetwork Account Domain:\t-\n\tLogon GUID:\t\t{00000000-0000-0000-0000-000000000000}\n\nProcess Information:\n\tProcess ID:\t\t0x318\n\tProcess Name:\t\tC:\\Windows\\System32\\services.exe\n\nNetwork Information:\n\tWorkstation Name:\t-\n\tSource Network Address:\t-\n\tSource Port:\t\t-\n\nDetailed Authentication Information:\n\tLogon Process:\t\tAdvapi  \n\tAuthentication Package:\tNegotiate\n\tTransited Services:\t-\n\tPackage Name (NTLM only):\t-\n\tKey Length:\t\t0\n\nThis event is generated when a logon session is created. It is generated on the computer that was accessed.\n\nThe subject fields indicate the account on the local system which requested the logon. This is most commonly a service such as the Server service, or a local process such as Winlogon.exe or Services.exe.\n\nThe logon type field indicates the kind of logon that occurred. The most common types are 2 (interactive) and 3 (network).\n\nThe New Logon fields indicate the account for whom the new logon was created, i.e. the account that was logged on.\n\nThe network fields indicate where a remote logon request originated. Workstation name is not always available and may be left blank in some cases.\n\nThe impersonation level field indicates the extent to which a process in the logon session can impersonate.\n\nThe authentication information fields provide detailed information about this specific logon request.\n\t- Logon GUID is a unique identifier that can be used to correlate this event with a KDC event.\n\t- Transited services indicate which intermediate services have participated in this logon request.\n\t- Package name indicates which sub-protocol was used among the NTLM protocols.\n\t- Key length indicates the length of the generated session key. This will be 0 if no session key was requested.",
    "winlog": {
      "process": {
        "pid": 804,
        "thread": {
          "id": 844
        }
      },
      "computer_name": "EC2AMAZ-QKFFDE6",
      "event_data": {
        "IpAddress": "-",
        "LogonType": "5",
        "AuthenticationPackageName": "Negotiate",
        "ImpersonationLevel": "%%1833",
        "LogonProcessName": "Advapi  ",
        "IpPort": "-",
        "SubjectUserName": "EC2AMAZ-QKFFDE6$",
        "WorkstationName": "-",
        "TargetUserName": "SYSTEM",
        "TargetLogonId": "0x3e7",
        "LmPackageName": "-",
        "VirtualAccount": "%%1843",
        "SubjectDomainName": "WORKGROUP",
        "ProcessId": "0x318",
        "TargetOutboundUserName": "-",
        "TargetUserSid": "S-1-5-18",
        "RestrictedAdminMode": "-",
        "TargetDomainName": "NT AUTHORITY",
        "SubjectUserSid": "S-1-5-18",
        "KeyLength": "0",
        "ElevatedToken": "%%1842",
        "TargetLinkedLogonId": "0x0",
        "TargetOutboundDomainName": "-",
        "TransmittedServices": "-",
        "SubjectLogonId": "0x3e7",
        "ProcessName": "C:\\Windows\\System32\\services.exe",
        "LogonGuid": "{00000000-0000-0000-0000-000000000000}"
      },
      "record_id": 108958,
      "event_id": 4624,
      "provider_name": "Microsoft-Windows-Security-Auditing",
      "channel": "Security",
      "keywords": [
        "Audit Success"
      ],
      "task": "Logon",
      "activity_id": "{f04d833f-1a10-0000-d384-4df0101ad901}",
      "provider_guid": "{54849625-5478-4994-a5ba-3e3b0328c30d}",
      "api": "wineventlog",
      "opcode": "Info",
      "version": 2
    },
    "event": {
      "outcome": "success",
      "kind": "event",
      "code": 4624,
      "provider": "Microsoft-Windows-Security-Auditing",
      "action": "Logon",
      "created": "2022-12-27T20:24:57.867Z"
    },
    "host": {
      "architecture": "x86_64",
      "os": {
        "kernel": "10.0.20348.1366 (WinBuild.160101.0800)",
        "build": "20348.1366",
        "type": "windows",
        "platform": "windows",
        "version": "10.0",
        "family": "windows",
        "name": "Windows Server 2022 Datacenter"
      },
      "id": "9fd5e9f9-fecb-4a81-91b1-5a4368efef12",
      "name": "EC2AMAZ-QKFFDE6",
      "ip": [
        "fe80::b1f1:86c3:c3fb:8097",
        "172.31.84.109"
      ],
      "mac": [
        "12:81:05:d6:d5:4f"
      ],
      "hostname": "EC2AMAZ-QKFFDE6"
    }
  },
  {
    "@timestamp": "2022-12-27T16:33:43.345Z",
    "message": "An account was successfully logged on.\n\nSubject:\n\tSecurity ID:\t\tS-1-5-18\n\tAccount Name:\t\tEC2AMAZ-QKFFDE6$\n\tAccount Domain:\t\tWORKGROUP\n\tLogon ID:\t\t0x3E7\n\nLogon Information:\n\tLogon Type:\t\t5\n\tRestricted Admin Mode:\t-\n\tVirtual Account:\t\tNo\n\tElevated Token:\t\tYes\n\nImpersonation Level:\t\tImpersonation\n\nNew Logon:\n\tSecurity ID:\t\tS-1-5-18\n\tAccount Name:\t\tSYSTEM\n\tAccount Domain:\t\tNT AUTHORITY\n\tLogon ID:\t\t0x3E7\n\tLinked Logon ID:\t\t0x0\n\tNetwork Account Name:\t-\n\tNetwork Account Domain:\t-\n\tLogon GUID:\t\t{00000000-0000-0000-0000-000000000000}\n\nProcess Information:\n\tProcess ID:\t\t0x318\n\tProcess Name:\t\tC:\\Windows\\System32\\services.exe\n\nNetwork Information:\n\tWorkstation Name:\t-\n\tSource Network Address:\t-\n\tSource Port:\t\t-\n\nDetailed Authentication Information:\n\tLogon Process:\t\tAdvapi  \n\tAuthentication Package:\tNegotiate\n\tTransited Services:\t-\n\tPackage Name (NTLM only):\t-\n\tKey Length:\t\t0\n\nThis event is generated when a logon session is created. It is generated on the computer that was accessed.\n\nThe subject fields indicate the account on the local system which requested the logon. This is most commonly a service such as the Server service, or a local process such as Winlogon.exe or Services.exe.\n\nThe logon type field indicates the kind of logon that occurred. The most common types are 2 (interactive) and 3 (network).\n\nThe New Logon fields indicate the account for whom the new logon was created, i.e. the account that was logged on.\n\nThe network fields indicate where a remote logon request originated. Workstation name is not always available and may be left blank in some cases.\n\nThe impersonation level field indicates the extent to which a process in the logon session can impersonate.\n\nThe authentication information fields provide detailed information about this specific logon request.\n\t- Logon GUID is a unique identifier that can be used to correlate this event with a KDC event.\n\t- Transited services indicate which intermediate services have participated in this logon request.\n\t- Package name indicates which sub-protocol was used among the NTLM protocols.\n\t- Key length indicates the length of the generated session key. This will be 0 if no session key was requested.",
    "winlog": {
      "process": {
        "thread": {
          "id": 852
        },
        "pid": 804
      },
      "activity_id": "{f04d833f-1a10-0000-d384-4df0101ad901}",
      "channel": "Security",
      "task": "Logon",
      "opcode": "Info",
      "version": 2,
      "provider_name": "Microsoft-Windows-Security-Auditing",
      "keywords": [
        "Audit Success"
      ],
      "event_data": {
        "SubjectLogonId": "0x3e7",
        "TargetLogonId": "0x3e7",
        "TargetUserSid": "S-1-5-18",
        "VirtualAccount": "%%1843",
        "TargetDomainName": "NT AUTHORITY",
        "RestrictedAdminMode": "-",
        "ProcessName": "C:\\Windows\\System32\\services.exe",
        "ElevatedToken": "%%1842",
        "ProcessId": "0x318",
        "TargetLinkedLogonId": "0x0",
        "AuthenticationPackageName": "Negotiate",
        "TargetOutboundDomainName": "-",
        "IpPort": "-",
        "TransmittedServices": "-",
        "IpAddress": "-",
        "ImpersonationLevel": "%%1833",
        "TargetUserName": "SYSTEM",
        "LogonGuid": "{00000000-0000-0000-0000-000000000000}",
        "SubjectUserName": "EC2AMAZ-QKFFDE6$",
        "WorkstationName": "-",
        "LogonProcessName": "Advapi  ",
        "LmPackageName": "-",
        "KeyLength": "0",
        "LogonType": "5",
        "SubjectDomainName": "WORKGROUP",
        "TargetOutboundUserName": "-",
        "SubjectUserSid": "S-1-5-18"
      },
      "record_id": 108956,
      "event_id": 4624,
      "computer_name": "EC2AMAZ-QKFFDE6",
      "api": "wineventlog",
      "provider_guid": "{54849625-5478-4994-a5ba-3e3b0328c30d}"
    },
    "event": {
      "action": "Logon",
      "created": "2022-12-27T20:24:57.867Z",
      "outcome": "success",
      "kind": "event",
      "code": 4624,
      "provider": "Microsoft-Windows-Security-Auditing"
    },
    "host": {
      "os": {
        "build": "20348.1366",
        "type": "windows",
        "platform": "windows",
        "version": "10.0",
        "family": "windows",
        "name": "Windows Server 2022 Datacenter",
        "kernel": "10.0.20348.1366 (WinBuild.160101.0800)"
      },
      "id": "9fd5e9f9-fecb-4a81-91b1-5a4368efef12",
      "ip": [
        "fe80::b1f1:86c3:c3fb:8097",
        "172.31.84.109"
      ],
      "mac": [
        "12:81:05:d6:d5:4f"
      ],
      "hostname": "EC2AMAZ-QKFFDE6",
      "name": "EC2AMAZ-QKFFDE6",
      "architecture": "x86_64"
    },
    "ecs": {
      "version": "1.8.0"
    },
    "agent": {
      "ephemeral_id": "795ee5e3-956c-4d7b-9e75-4f20034d2294",
      "id": "1330b689-9f3a-4ce9-8434-940731941cb8",
      "name": "EC2AMAZ-QKFFDE6",
      "type": "winlogbeat",
      "version": "7.12.1",
      "hostname": "EC2AMAZ-QKFFDE6"
    },
    "cloud": {
      "account": {
        "id": "397721537873"
      },
      "image": {
        "id": "ami-0be29bafdaad782db"
      },
      "provider": "aws",
      "instance": {
        "id": "i-0ed8f078417e7c314"
      },
      "machine": {
        "type": "t2.micro"
      },
      "region": "us-east-1",
      "availability_zone": "us-east-1d"
    },
    "log": {
      "level": "information"
    }
  }
]
