[
  {
    "@timestamp": "2022-12-27T20:29:31.734Z",
    "agent": {
      "hostname": "EC2AMAZ-QKFFDE6",
      "ephemeral_id": "795ee5e3-956c-4d7b-9e75-4f20034d2294",
      "id": "1330b689-9f3a-4ce9-8434-940731941cb8",
      "name": "EC2AMAZ-QKFFDE6",
      "type": "winlogbeat",
      "version": "7.12.1"
    },
    "cloud": {
      "availability_zone": "us-east-1d",
      "account": {
        "id": "397721537873"
      },
      "image": {
        "id": "ami-0be29bafdaad782db"
      },
      "provider": "aws",
      "instance": {
        "id": "i-0ed8f078417e7c314"
      },
      "machine": {
        "type": "t2.micro"
      },
      "region": "us-east-1"
    },
    "event": {
      "outcome": "success",
      "kind": "event",
      "code": 4624,
      "provider": "Microsoft-Windows-Security-Auditing",
      "action": "Logon",
      "created": "2022-12-27T20:29:33.794Z"
    },
    "host": {
      "architecture": "x86_64",
      "os": {
        "platform": "windows",
        "version": "10.0",
        "family": "windows",
        "name": "Windows Server 2022 Datacenter",
        "kernel": "10.0.20348.1366 (WinBuild.160101.0800)",
        "build": "20348.1366",
        "type": "windows"
      },
      "name": "EC2AMAZ-QKFFDE6",
      "id": "9fd5e9f9-fecb-4a81-91b1-5a4368efef12",
      "ip": [
        "fe80::b1f1:86c3:c3fb:8097",
        "172.31.84.109"
      ],
      "mac": [
        "12:81:05:d6:d5:4f"
      ],
      "hostname": "EC2AMAZ-QKFFDE6"
    },
    "log": {
      "level": "information"
    },
    "message": "An account was successfully logged on.\n\nSubject:\n\tSecurity ID:\t\tS-1-5-18\n\tAccount Name:\t\tEC2AMAZ-QKFFDE6$\n\tAccount Domain:\t\tWORKGROUP\n\tLogon ID:\t\t0x3E7\n\nLogon Information:\n\tLogon Type:\t\t7\n\tRestricted Admin Mode:\t-\n\tVirtual Account:\t\tNo\n\tElevated Token:\t\tYes\n\nImpersonation Level:\t\tImpersonation\n\nNew Logon:\n\tSecurity ID:\t\tS-1-5-21-1045577849-1934089403-1939631254-500\n\tAccount Name:\t\tAdministrator\n\tAccount Domain:\t\tEC2AMAZ-QKFFDE6\n\tLogon ID:\t\t0x6A66EA\n\tLinked Logon ID:\t\t0x0\n\tNetwork Account Name:\t-\n\tNetwork Account Domain:\t-\n\tLogon GUID:\t\t{00000000-0000-0000-0000-000000000000}\n\nProcess Information:\n\tProcess ID:\t\t0x46c\n\tProcess Name:\t\tC:\\Windows\\System32\\svchost.exe\n\nNetwork Information:\n\tWorkstation Name:\tEC2AMAZ-QKFFDE6\n\tSource Network Address:\t46.235.97.26\n\tSource Port:\t\t0\n\nDetailed Authentication Information:\n\tLogon Process:\t\tUser32 \n\tAuthentication Package:\tNegotiate\n\tTransited Services:\t-\n\tPackage Name (NTLM only):\t-\n\tKey Length:\t\t0\n\nThis event is generated when a logon session is created. It is generated on the computer that was accessed.\n\nThe subject fields indicate the account on the local system which requested the logon. This is most commonly a service such as the Server service, or a local process such as Winlogon.exe or Services.exe.\n\nThe logon type field indicates the kind of logon that occurred. The most common types are 2 (interactive) and 3 (network).\n\nThe New Logon fields indicate the account for whom the new logon was created, i.e. the account that was logged on.\n\nThe network fields indicate where a remote logon request originated. Workstation name is not always available and may be left blank in some cases.\n\nThe impersonation level field indicates the extent to which a process in the logon session can impersonate.\n\nThe authentication information fields provide detailed information about this specific logon request.\n\t- Logon GUID is a unique identifier that can be used to correlate this event with a KDC event.\n\t- Transited services indicate which intermediate services have participated in this logon request.\n\t- Package name indicates which sub-protocol was used among the NTLM protocols.\n\t- Key length indicates the length of the generated session key. This will be 0 if no session key was requested.",
    "winlog": {
      "opcode": "Info",
      "computer_name": "EC2AMAZ-QKFFDE6",
      "channel": "Security",
      "api": "wineventlog",
      "record_id": 109161,
      "activity_id": "{f04d833f-1a10-0000-d384-4df0101ad901}",
      "event_data": {
        "WorkstationName": "EC2AMAZ-QKFFDE6",
        "TargetUserName": "Administrator",
        "ProcessName": "C:\\Windows\\System32\\svchost.exe",
        "RestrictedAdminMode": "-",
        "LogonProcessName": "User32 ",
        "IpAddress": "46.235.97.26",
        "IpPort": "0",
        "ProcessId": "0x46c",
        "VirtualAccount": "%%1843",
        "SubjectLogonId": "0x3e7",
        "LmPackageName": "-",
        "TargetLogonId": "0x6a66ea",
        "LogonType": "7",
        "SubjectDomainName": "WORKGROUP",
        "TransmittedServices": "-",
        "TargetOutboundDomainName": "-",
        "TargetDomainName": "EC2AMAZ-QKFFDE6",
        "TargetOutboundUserName": "-",
        "AuthenticationPackageName": "Negotiate",
        "TargetLinkedLogonId": "0x0",
        "LogonGuid": "{00000000-0000-0000-0000-000000000000}",
        "ElevatedToken": "%%1842",
        "TargetUserSid": "S-1-5-21-1045577849-1934089403-1939631254-500",
        "SubjectUserName": "EC2AMAZ-QKFFDE6$",
        "SubjectUserSid": "S-1-5-18",
        "KeyLength": "0",
        "ImpersonationLevel": "%%1833"
      },
      "event_id": 4624,
      "process": {
        "pid": 804,
        "thread": {
          "id": 4144
        }
      },
      "version": 2,
      "keywords": [
        "Audit Success"
      ],
      "task": "Logon",
      "provider_guid": "{54849625-5478-4994-a5ba-3e3b0328c30d}",
      "provider_name": "Microsoft-Windows-Security-Auditing"
    },
    "ecs": {
      "version": "1.8.0"
    }
  },
  {
    "@timestamp": "2022-12-27T20:29:22.491Z",
    "winlog": {
      "channel": "Security",
      "opcode": "Info",
      "api": "wineventlog",
      "provider_name": "Microsoft-Windows-Security-Auditing",
      "task": "Logon",
      "process": {
        "pid": 804,
        "thread": {
          "id": 2532
        }
      },
      "event_data": {
        "LogonProcessName": "NtLmSsp ",
        "SubjectUserSid": "S-1-0-0",
        "TargetUserSid": "S-1-5-21-1045577849-1934089403-1939631254-500",
        "TargetOutboundUserName": "-",
        "TransmittedServices": "-",
        "ProcessName": "-",
        "AuthenticationPackageName": "NTLM",
        "RestrictedAdminMode": "-",
        "TargetDomainName": "EC2AMAZ-QKFFDE6",
        "SubjectUserName": "-",
        "ProcessId": "0x0",
        "LogonType": "3",
        "VirtualAccount": "%%1843",
        "TargetLinkedLogonId": "0x0",
        "IpPort": "0",
        "LmPackageName": "NTLM V2",
        "ImpersonationLevel": "%%1833",
        "KeyLength": "128",
        "SubjectLogonId": "0x0",
        "LogonGuid": "{00000000-0000-0000-0000-000000000000}",
        "IpAddress": "46.235.97.26",
        "TargetOutboundDomainName": "-",
        "WorkstationName": "HP-ProBook-470-G2",
        "TargetLogonId": "0x69d171",
        "ElevatedToken": "%%1842",
        "TargetUserName": "Administrator",
        "SubjectDomainName": "-"
      },
      "event_id": 4624,
      "version": 2,
      "activity_id": "{f04d833f-1a10-0000-d384-4df0101ad901}",
      "keywords": [
        "Audit Success"
      ],
      "provider_guid": "{54849625-5478-4994-a5ba-3e3b0328c30d}",
      "computer_name": "EC2AMAZ-QKFFDE6",
      "record_id": 109157
    },
    "event": {
      "code": 4624,
      "provider": "Microsoft-Windows-Security-Auditing",
      "action": "Logon",
      "created": "2022-12-27T20:29:24.168Z",
      "outcome": "success",
      "kind": "event"
    },
    "host": {
      "mac": [
        "12:81:05:d6:d5:4f"
      ],
      "hostname": "EC2AMAZ-QKFFDE6",
      "architecture": "x86_64",
      "os": {
        "build": "20348.1366",
        "type": "windows",
        "platform": "windows",
        "version": "10.0",
        "family": "windows",
        "name": "Windows Server 2022 Datacenter",
        "kernel": "10.0.20348.1366 (WinBuild.160101.0800)"
      },
      "id": "9fd5e9f9-fecb-4a81-91b1-5a4368efef12",
      "name": "EC2AMAZ-QKFFDE6",
      "ip": [
        "fe80::b1f1:86c3:c3fb:8097",
        "172.31.84.109"
      ]
    },
    "log": {
      "level": "information"
    },
    "message": "An account was successfully logged on.\n\nSubject:\n\tSecurity ID:\t\tS-1-0-0\n\tAccount Name:\t\t-\n\tAccount Domain:\t\t-\n\tLogon ID:\t\t0x0\n\nLogon Information:\n\tLogon Type:\t\t3\n\tRestricted Admin Mode:\t-\n\tVirtual Account:\t\tNo\n\tElevated Token:\t\tYes\n\nImpersonation Level:\t\tImpersonation\n\nNew Logon:\n\tSecurity ID:\t\tS-1-5-21-1045577849-1934089403-1939631254-500\n\tAccount Name:\t\tAdministrator\n\tAccount Domain:\t\tEC2AMAZ-QKFFDE6\n\tLogon ID:\t\t0x69D171\n\tLinked Logon ID:\t\t0x0\n\tNetwork Account Name:\t-\n\tNetwork Account Domain:\t-\n\tLogon GUID:\t\t{00000000-0000-0000-0000-000000000000}\n\nProcess Information:\n\tProcess ID:\t\t0x0\n\tProcess Name:\t\t-\n\nNetwork Information:\n\tWorkstation Name:\tHP-ProBook-470-G2\n\tSource Network Address:\t46.235.97.26\n\tSource Port:\t\t0\n\nDetailed Authentication Information:\n\tLogon Process:\t\tNtLmSsp \n\tAuthentication Package:\tNTLM\n\tTransited Services:\t-\n\tPackage Name (NTLM only):\tNTLM V2\n\tKey Length:\t\t128\n\nThis event is generated when a logon session is created. It is generated on the computer that was accessed.\n\nThe subject fields indicate the account on the local system which requested the logon. This is most commonly a service such as the Server service, or a local process such as Winlogon.exe or Services.exe.\n\nThe logon type field indicates the kind of logon that occurred. The most common types are 2 (interactive) and 3 (network).\n\nThe New Logon fields indicate the account for whom the new logon was created, i.e. the account that was logged on.\n\nThe network fields indicate where a remote logon request originated. Workstation name is not always available and may be left blank in some cases.\n\nThe impersonation level field indicates the extent to which a process in the logon session can impersonate.\n\nThe authentication information fields provide detailed information about this specific logon request.\n\t- Logon GUID is a unique identifier that can be used to correlate this event with a KDC event.\n\t- Transited services indicate which intermediate services have participated in this logon request.\n\t- Package name indicates which sub-protocol was used among the NTLM protocols.\n\t- Key length indicates the length of the generated session key. This will be 0 if no session key was requested.",
    "agent": {
      "hostname": "EC2AMAZ-QKFFDE6",
      "ephemeral_id": "795ee5e3-956c-4d7b-9e75-4f20034d2294",
      "id": "1330b689-9f3a-4ce9-8434-940731941cb8",
      "name": "EC2AMAZ-QKFFDE6",
      "type": "winlogbeat",
      "version": "7.12.1"
    },
    "ecs": {
      "version": "1.8.0"
    },
    "cloud": {
      "image": {
        "id": "ami-0be29bafdaad782db"
      },
      "provider": "aws",
      "instance": {
        "id": "i-0ed8f078417e7c314"
      },
      "machine": {
        "type": "t2.micro"
      },
      "region": "us-east-1",
      "availability_zone": "us-east-1d",
      "account": {
        "id": "397721537873"
      }
    }
  },
  {
    "@timestamp": "2022-12-27T18:47:38.105Z",
    "cloud": {
      "machine": {
        "type": "t2.micro"
      },
      "region": "us-east-1",
      "availability_zone": "us-east-1d",
      "account": {
        "id": "397721537873"
      },
      "image": {
        "id": "ami-0be29bafdaad782db"
      },
      "provider": "aws",
      "instance": {
        "id": "i-0ed8f078417e7c314"
      }
    },
    "winlog": {
      "provider_guid": "{54849625-5478-4994-a5ba-3e3b0328c30d}",
      "computer_name": "EC2AMAZ-QKFFDE6",
      "api": "wineventlog",
      "activity_id": "{f04d833f-1a10-0000-d384-4df0101ad901}",
      "provider_name": "Microsoft-Windows-Security-Auditing",
      "keywords": [
        "Audit Success"
      ],
      "event_id": 4624,
      "process": {
        "thread": {
          "id": 192
        },
        "pid": 804
      },
      "event_data": {
        "SubjectUserName": "EC2AMAZ-QKFFDE6$",
        "ElevatedToken": "%%1842",
        "TransmittedServices": "-",
        "ProcessId": "0x318",
        "TargetLinkedLogonId": "0x0",
        "LogonProcessName": "Advapi  ",
        "IpPort": "-",
        "TargetOutboundDomainName": "-",
        "SubjectUserSid": "S-1-5-18",
        "TargetLogonId": "0x3e7",
        "TargetUserSid": "S-1-5-18",
        "IpAddress": "-",
        "TargetOutboundUserName": "-",
        "TargetDomainName": "NT AUTHORITY",
        "WorkstationName": "-",
        "LogonType": "5",
        "ProcessName": "C:\\Windows\\System32\\services.exe",
        "KeyLength": "0",
        "LmPackageName": "-",
        "TargetUserName": "SYSTEM",
        "SubjectDomainName": "WORKGROUP",
        "SubjectLogonId": "0x3e7",
        "LogonGuid": "{00000000-0000-0000-0000-000000000000}",
        "ImpersonationLevel": "%%1833",
        "RestrictedAdminMode": "-",
        "AuthenticationPackageName": "Negotiate",
        "VirtualAccount": "%%1843"
      },
      "channel": "Security",
      "record_id": 109135,
      "task": "Logon",
      "opcode": "Info",
      "version": 2
    },
    "event": {
      "action": "Logon",
      "created": "2022-12-27T20:24:58.273Z",
      "outcome": "success",
      "kind": "event",
      "code": 4624,
      "provider": "Microsoft-Windows-Security-Auditing"
    },
    "host": {
      "mac": [
        "12:81:05:d6:d5:4f"
      ],
      "hostname": "EC2AMAZ-QKFFDE6",
      "name": "EC2AMAZ-QKFFDE6",
      "architecture": "x86_64",
      "os": {
        "family": "windows",
        "name": "Windows Server 2022 Datacenter",
        "kernel": "10.0.20348.1366 (WinBuild.160101.0800)",
        "build": "20348.1366",
        "type": "windows",
        "platform": "windows",
        "version": "10.0"
      },
      "id": "9fd5e9f9-fecb-4a81-91b1-5a4368efef12",
      "ip": [
        "fe80::b1f1:86c3:c3fb:8097",
        "172.31.84.109"
      ]
    },
    "log": {
      "level": "information"
    },
    "message": "An account was successfully logged on.\n\nSubject:\n\tSecurity ID:\t\tS-1-5-18\n\tAccount Name:\t\tEC2AMAZ-QKFFDE6$\n\tAccount Domain:\t\tWORKGROUP\n\tLogon ID:\t\t0x3E7\n\nLogon Information:\n\tLogon Type:\t\t5\n\tRestricted Admin Mode:\t-\n\tVirtual Account:\t\tNo\n\tElevated Token:\t\tYes\n\nImpersonation Level:\t\tImpersonation\n\nNew Logon:\n\tSecurity ID:\t\tS-1-5-18\n\tAccount Name:\t\tSYSTEM\n\tAccount Domain:\t\tNT AUTHORITY\n\tLogon ID:\t\t0x3E7\n\tLinked Logon ID:\t\t0x0\n\tNetwork Account Name:\t-\n\tNetwork Account Domain:\t-\n\tLogon GUID:\t\t{00000000-0000-0000-0000-000000000000}\n\nProcess Information:\n\tProcess ID:\t\t0x318\n\tProcess Name:\t\tC:\\Windows\\System32\\services.exe\n\nNetwork Information:\n\tWorkstation Name:\t-\n\tSource Network Address:\t-\n\tSource Port:\t\t-\n\nDetailed Authentication Information:\n\tLogon Process:\t\tAdvapi  \n\tAuthentication Package:\tNegotiate\n\tTransited Services:\t-\n\tPackage Name (NTLM only):\t-\n\tKey Length:\t\t0\n\nThis event is generated when a logon session is created. It is generated on the computer that was accessed.\n\nThe subject fields indicate the account on the local system which requested the logon. This is most commonly a service such as the Server service, or a local process such as Winlogon.exe or Services.exe.\n\nThe logon type field indicates the kind of logon that occurred. The most common types are 2 (interactive) and 3 (network).\n\nThe New Logon fields indicate the account for whom the new logon was created, i.e. the account that was logged on.\n\nThe network fields indicate where a remote logon request originated. Workstation name is not always available and may be left blank in some cases.\n\nThe impersonation level field indicates the extent to which a process in the logon session can impersonate.\n\nThe authentication information fields provide detailed information about this specific logon request.\n\t- Logon GUID is a unique identifier that can be used to correlate this event with a KDC event.\n\t- Transited services indicate which intermediate services have participated in this logon request.\n\t- Package name indicates which sub-protocol was used among the NTLM protocols.\n\t- Key length indicates the length of the generated session key. This will be 0 if no session key was requested.",
    "ecs": {
      "version": "1.8.0"
    },
    "agent": {
      "type": "winlogbeat",
      "version": "7.12.1",
      "hostname": "EC2AMAZ-QKFFDE6",
      "ephemeral_id": "795ee5e3-956c-4d7b-9e75-4f20034d2294",
      "id": "1330b689-9f3a-4ce9-8434-940731941cb8",
      "name": "EC2AMAZ-QKFFDE6"
    }
  },
  {
    "@timestamp": "2022-12-27T18:45:50.799Z",
    "event": {
      "code": 4624,
      "provider": "Microsoft-Windows-Security-Auditing",
      "action": "Logon",
      "created": "2022-12-27T20:24:58.273Z",
      "outcome": "success",
      "kind": "event"
    },
    "host": {
      "name": "EC2AMAZ-QKFFDE6",
      "hostname": "EC2AMAZ-QKFFDE6",
      "architecture": "x86_64",
      "os": {
        "build": "20348.1366",
        "type": "windows",
        "platform": "windows",
        "version": "10.0",
        "family": "windows",
        "name": "Windows Server 2022 Datacenter",
        "kernel": "10.0.20348.1366 (WinBuild.160101.0800)"
      },
      "id": "9fd5e9f9-fecb-4a81-91b1-5a4368efef12",
      "ip": [
        "fe80::b1f1:86c3:c3fb:8097",
        "172.31.84.109"
      ],
      "mac": [
        "12:81:05:d6:d5:4f"
      ]
    },
    "log": {
      "level": "information"
    },
    "message": "An account was successfully logged on.\n\nSubject:\n\tSecurity ID:\t\tS-1-5-18\n\tAccount Name:\t\tEC2AMAZ-QKFFDE6$\n\tAccount Domain:\t\tWORKGROUP\n\tLogon ID:\t\t0x3E7\n\nLogon Information:\n\tLogon Type:\t\t5\n\tRestricted Admin Mode:\t-\n\tVirtual Account:\t\tNo\n\tElevated Token:\t\tYes\n\nImpersonation Level:\t\tImpersonation\n\nNew Logon:\n\tSecurity ID:\t\tS-1-5-18\n\tAccount Name:\t\tSYSTEM\n\tAccount Domain:\t\tNT AUTHORITY\n\tLogon ID:\t\t0x3E7\n\tLinked Logon ID:\t\t0x0\n\tNetwork Account Name:\t-\n\tNetwork Account Domain:\t-\n\tLogon GUID:\t\t{00000000-0000-0000-0000-000000000000}\n\nProcess Information:\n\tProcess ID:\t\t0x318\n\tProcess Name:\t\tC:\\Windows\\System32\\services.exe\n\nNetwork Information:\n\tWorkstation Name:\t-\n\tSource Network Address:\t-\n\tSource Port:\t\t-\n\nDetailed Authentication Information:\n\tLogon Process:\t\tAdvapi  \n\tAuthentication Package:\tNegotiate\n\tTransited Services:\t-\n\tPackage Name (NTLM only):\t-\n\tKey Length:\t\t0\n\nThis event is generated when a logon session is created. It is generated on the computer that was accessed.\n\nThe subject fields indicate the account on the local system which requested the logon. This is most commonly a service such as the Server service, or a local process such as Winlogon.exe or Services.exe.\n\nThe logon type field indicates the kind of logon that occurred. The most common types are 2 (interactive) and 3 (network).\n\nThe New Logon fields indicate the account for whom the new logon was created, i.e. the account that was logged on.\n\nThe network fields indicate where a remote logon request originated. Workstation name is not always available and may be left blank in some cases.\n\nThe impersonation level field indicates the extent to which a process in the logon session can impersonate.\n\nThe authentication information fields provide detailed information about this specific logon request.\n\t- Logon GUID is a unique identifier that can be used to correlate this event with a KDC event.\n\t- Transited services indicate which intermediate services have participated in this logon request.\n\t- Package name indicates which sub-protocol was used among the NTLM protocols.\n\t- Key length indicates the length of the generated session key. This will be 0 if no session key was requested.",
    "ecs": {
      "version": "1.8.0"
    },
    "agent": {
      "hostname": "EC2AMAZ-QKFFDE6",
      "ephemeral_id": "795ee5e3-956c-4d7b-9e75-4f20034d2294",
      "id": "1330b689-9f3a-4ce9-8434-940731941cb8",
      "name": "EC2AMAZ-QKFFDE6",
      "type": "winlogbeat",
      "version": "7.12.1"
    },
    "cloud": {
      "machine": {
        "type": "t2.micro"
      },
      "region": "us-east-1",
      "availability_zone": "us-east-1d",
      "account": {
        "id": "397721537873"
      },
      "image": {
        "id": "ami-0be29bafdaad782db"
      },
      "provider": "aws",
      "instance": {
        "id": "i-0ed8f078417e7c314"
      }
    },
    "winlog": {
      "channel": "Security",
      "api": "wineventlog",
      "event_id": 4624,
      "process": {
        "pid": 804,
        "thread": {
          "id": 2532
        }
      },
      "provider_name": "Microsoft-Windows-Security-Auditing",
      "computer_name": "EC2AMAZ-QKFFDE6",
      "keywords": [
        "Audit Success"
      ],
      "opcode": "Info",
      "version": 2,
      "record_id": 109122,
      "provider_guid": "{54849625-5478-4994-a5ba-3e3b0328c30d}",
      "activity_id": "{f04d833f-1a10-0000-d384-4df0101ad901}",
      "task": "Logon",
      "event_data": {
        "IpAddress": "-",
        "TransmittedServices": "-",
        "LogonType": "5",
        "IpPort": "-",
        "SubjectUserName": "EC2AMAZ-QKFFDE6$",
        "LogonGuid": "{00000000-0000-0000-0000-000000000000}",
        "RestrictedAdminMode": "-",
        "WorkstationName": "-",
        "SubjectDomainName": "WORKGROUP",
        "TargetUserSid": "S-1-5-18",
        "TargetDomainName": "NT AUTHORITY",
        "ImpersonationLevel": "%%1833",
        "ProcessName": "C:\\Windows\\System32\\services.exe",
        "VirtualAccount": "%%1843",
        "LmPackageName": "-",
        "TargetLinkedLogonId": "0x0",
        "TargetLogonId": "0x3e7",
        "TargetUserName": "SYSTEM",
        "ElevatedToken": "%%1842",
        "LogonProcessName": "Advapi  ",
        "KeyLength": "0",
        "TargetOutboundDomainName": "-",
        "SubjectUserSid": "S-1-5-18",
        "SubjectLogonId": "0x3e7",
        "ProcessId": "0x318",
        "TargetOutboundUserName": "-",
        "AuthenticationPackageName": "Negotiate"
      }
    }
  },
  {
    "@timestamp": "2022-12-27T18:19:44.636Z",
    "message": "An account was successfully logged on.\n\nSubject:\n\tSecurity ID:\t\tS-1-0-0\n\tAccount Name:\t\t-\n\tAccount Domain:\t\t-\n\tLogon ID:\t\t0x0\n\nLogon Information:\n\tLogon Type:\t\t3\n\tRestricted Admin Mode:\t-\n\tVirtual Account:\t\tNo\n\tElevated Token:\t\tYes\n\nImpersonation Level:\t\tImpersonation\n\nNew Logon:\n\tSecurity ID:\t\tS-1-5-21-1045577849-1934089403-1939631254-500\n\tAccount Name:\t\tAdministrator\n\tAccount Domain:\t\tEC2AMAZ-QKFFDE6\n\tLogon ID:\t\t0x4A566E\n\tLinked Logon ID:\t\t0x0\n\tNetwork Account Name:\t-\n\tNetwork Account Domain:\t-\n\tLogon GUID:\t\t{00000000-0000-0000-0000-000000000000}\n\nProcess Information:\n\tProcess ID:\t\t0x0\n\tProcess Name:\t\t-\n\nNetwork Information:\n\tWorkstation Name:\tHP-ProBook-470-G2\n\tSource Network Address:\t46.235.97.26\n\tSource Port:\t\t0\n\nDetailed Authentication Information:\n\tLogon Process:\t\tNtLmSsp \n\tAuthentication Package:\tNTLM\n\tTransited Services:\t-\n\tPackage Name (NTLM only):\tNTLM V2\n\tKey Length:\t\t128\n\nThis event is generated when a logon session is created. It is generated on the computer that was accessed.\n\nThe subject fields indicate the account on the local system which requested the logon. This is most commonly a service such as the Server service, or a local process such as Winlogon.exe or Services.exe.\n\nThe logon type field indicates the kind of logon that occurred. The most common types are 2 (interactive) and 3 (network).\n\nThe New Logon fields indicate the account for whom the new logon was created, i.e. the account that was logged on.\n\nThe network fields indicate where a remote logon request originated. Workstation name is not always available and may be left blank in some cases.\n\nThe impersonation level field indicates the extent to which a process in the logon session can impersonate.\n\nThe authentication information fields provide detailed information about this specific logon request.\n\t- Logon GUID is a unique identifier that can be used to correlate this event with a KDC event.\n\t- Transited services indicate which intermediate services have participated in this logon request.\n\t- Package name indicates which sub-protocol was used among the NTLM protocols.\n\t- Key length indicates the length of the generated session key. This will be 0 if no session key was requested.",
    "winlog": {
      "event_id": 4624,
      "keywords": [
        "Audit Success"
      ],
      "activity_id": "{f04d833f-1a10-0000-d384-4df0101ad901}",
      "computer_name": "EC2AMAZ-QKFFDE6",
      "provider_name": "Microsoft-Windows-Security-Auditing",
      "event_data": {
        "TargetDomainName": "EC2AMAZ-QKFFDE6",
        "ProcessName": "-",
        "ImpersonationLevel": "%%1833",
        "LogonProcessName": "NtLmSsp ",
        "AuthenticationPackageName": "NTLM",
        "TargetLogonId": "0x4a566e",
        "TransmittedServices": "-",
        "RestrictedAdminMode": "-",
        "IpPort": "0",
        "VirtualAccount": "%%1843",
        "KeyLength": "128",
        "IpAddress": "46.235.97.26",
        "SubjectDomainName": "-",
        "TargetLinkedLogonId": "0x0",
        "TargetUserName": "Administrator",
        "SubjectLogonId": "0x0",
        "ElevatedToken": "%%1842",
        "WorkstationName": "HP-ProBook-470-G2",
        "LogonGuid": "{00000000-0000-0000-0000-000000000000}",
        "LmPackageName": "NTLM V2",
        "ProcessId": "0x0",
        "TargetOutboundUserName": "-",
        "LogonType": "3",
        "TargetUserSid": "S-1-5-21-1045577849-1934089403-1939631254-500",
        "SubjectUserName": "-",
        "TargetOutboundDomainName": "-",
        "SubjectUserSid": "S-1-0-0"
      },
      "channel": "Security",
      "task": "Logon",
      "version": 2,
      "provider_guid": "{54849625-5478-4994-a5ba-3e3b0328c30d}",
      "opcode": "Info",
      "process": {
        "pid": 804,
        "thread": {
          "id": 2752
        }
      },
      "record_id": 109121,
      "api": "wineventlog"
    },
    "event": {
      "action": "Logon",
      "created": "2022-12-27T20:24:58.272Z",
      "outcome": "success",
      "kind": "event",
      "code": 4624,
      "provider": "Microsoft-Windows-Security-Auditing"
    },
    "host": {
      "id": "9fd5e9f9-fecb-4a81-91b1-5a4368efef12",
      "ip": [
        "fe80::b1f1:86c3:c3fb:8097",
        "172.31.84.109"
      ],
      "mac": [
        "12:81:05:d6:d5:4f"
      ],
      "hostname": "EC2AMAZ-QKFFDE6",
      "architecture": "x86_64",
      "name": "EC2AMAZ-QKFFDE6",
      "os": {
        "type": "windows",
        "platform": "windows",
        "version": "10.0",
        "family": "windows",
        "name": "Windows Server 2022 Datacenter",
        "kernel": "10.0.20348.1366 (WinBuild.160101.0800)",
        "build": "20348.1366"
      }
    },
    "agent": {
      "version": "7.12.1",
      "hostname": "EC2AMAZ-QKFFDE6",
      "ephemeral_id": "795ee5e3-956c-4d7b-9e75-4f20034d2294",
      "id": "1330b689-9f3a-4ce9-8434-940731941cb8",
      "name": "EC2AMAZ-QKFFDE6",
      "type": "winlogbeat"
    },
    "ecs": {
      "version": "1.8.0"
    },
    "cloud": {
      "machine": {
        "type": "t2.micro"
      },
      "region": "us-east-1",
      "availability_zone": "us-east-1d",
      "account": {
        "id": "397721537873"
      },
      "image": {
        "id": "ami-0be29bafdaad782db"
      },
      "provider": "aws",
      "instance": {
        "id": "i-0ed8f078417e7c314"
      }
    },
    "log": {
      "level": "information"
    }
  },
  {
    "@timestamp": "2022-12-27T18:16:50.992Z",
    "agent": {
      "ephemeral_id": "795ee5e3-956c-4d7b-9e75-4f20034d2294",
      "id": "1330b689-9f3a-4ce9-8434-940731941cb8",
      "name": "EC2AMAZ-QKFFDE6",
      "type": "winlogbeat",
      "version": "7.12.1",
      "hostname": "EC2AMAZ-QKFFDE6"
    },
    "ecs": {
      "version": "1.8.0"
    },
    "cloud": {
      "machine": {
        "type": "t2.micro"
      },
      "region": "us-east-1",
      "availability_zone": "us-east-1d",
      "account": {
        "id": "397721537873"
      },
      "image": {
        "id": "ami-0be29bafdaad782db"
      },
      "provider": "aws",
      "instance": {
        "id": "i-0ed8f078417e7c314"
      }
    },
    "event": {
      "kind": "event",
      "code": 4624,
      "provider": "Microsoft-Windows-Security-Auditing",
      "action": "Logon",
      "created": "2022-12-27T20:24:58.272Z",
      "outcome": "success"
    },
    "host": {
      "name": "EC2AMAZ-QKFFDE6",
      "os": {
        "version": "10.0",
        "family": "windows",
        "name": "Windows Server 2022 Datacenter",
        "kernel": "10.0.20348.1366 (WinBuild.160101.0800)",
        "build": "20348.1366",
        "type": "windows",
        "platform": "windows"
      },
      "id": "9fd5e9f9-fecb-4a81-91b1-5a4368efef12",
      "ip": [
        "fe80::b1f1:86c3:c3fb:8097",
        "172.31.84.109"
      ],
      "mac": [
        "12:81:05:d6:d5:4f"
      ],
      "hostname": "EC2AMAZ-QKFFDE6",
      "architecture": "x86_64"
    },
    "log": {
      "level": "information"
    },
    "message": "An account was successfully logged on.\n\nSubject:\n\tSecurity ID:\t\tS-1-0-0\n\tAccount Name:\t\t-\n\tAccount Domain:\t\t-\n\tLogon ID:\t\t0x0\n\nLogon Information:\n\tLogon Type:\t\t3\n\tRestricted Admin Mode:\t-\n\tVirtual Account:\t\tNo\n\tElevated Token:\t\tYes\n\nImpersonation Level:\t\tImpersonation\n\nNew Logon:\n\tSecurity ID:\t\tS-1-5-21-1045577849-1934089403-1939631254-500\n\tAccount Name:\t\tAdministrator\n\tAccount Domain:\t\tEC2AMAZ-QKFFDE6\n\tLogon ID:\t\t0x4991FD\n\tLinked Logon ID:\t\t0x0\n\tNetwork Account Name:\t-\n\tNetwork Account Domain:\t-\n\tLogon GUID:\t\t{00000000-0000-0000-0000-000000000000}\n\nProcess Information:\n\tProcess ID:\t\t0x0\n\tProcess Name:\t\t-\n\nNetwork Information:\n\tWorkstation Name:\tHP-ProBook-470-G2\n\tSource Network Address:\t46.235.97.26\n\tSource Port:\t\t0\n\nDetailed Authentication Information:\n\tLogon Process:\t\tNtLmSsp \n\tAuthentication Package:\tNTLM\n\tTransited Services:\t-\n\tPackage Name (NTLM only):\tNTLM V2\n\tKey Length:\t\t128\n\nThis event is generated when a logon session is created. It is generated on the computer that was accessed.\n\nThe subject fields indicate the account on the local system which requested the logon. This is most commonly a service such as the Server service, or a local process such as Winlogon.exe or Services.exe.\n\nThe logon type field indicates the kind of logon that occurred. The most common types are 2 (interactive) and 3 (network).\n\nThe New Logon fields indicate the account for whom the new logon was created, i.e. the account that was logged on.\n\nThe network fields indicate where a remote logon request originated. Workstation name is not always available and may be left blank in some cases.\n\nThe impersonation level field indicates the extent to which a process in the logon session can impersonate.\n\nThe authentication information fields provide detailed information about this specific logon request.\n\t- Logon GUID is a unique identifier that can be used to correlate this event with a KDC event.\n\t- Transited services indicate which intermediate services have participated in this logon request.\n\t- Package name indicates which sub-protocol was used among the NTLM protocols.\n\t- Key length indicates the length of the generated session key. This will be 0 if no session key was requested.",
    "winlog": {
      "computer_name": "EC2AMAZ-QKFFDE6",
      "task": "Logon",
      "record_id": 109117,
      "opcode": "Info",
      "event_id": 4624,
      "process": {
        "pid": 804,
        "thread": {
          "id": 2532
        }
      },
      "channel": "Security",
      "api": "wineventlog",
      "keywords": [
        "Audit Success"
      ],
      "provider_guid": "{54849625-5478-4994-a5ba-3e3b0328c30d}",
      "provider_name": "Microsoft-Windows-Security-Auditing",
      "activity_id": "{f04d833f-1a10-0000-d384-4df0101ad901}",
      "event_data": {
        "IpPort": "0",
        "LogonProcessName": "NtLmSsp ",
        "TargetUserSid": "S-1-5-21-1045577849-1934089403-1939631254-500",
        "WorkstationName": "HP-ProBook-470-G2",
        "TargetLinkedLogonId": "0x0",
        "TargetDomainName": "EC2AMAZ-QKFFDE6",
        "RestrictedAdminMode": "-",
        "SubjectUserName": "-",
        "IpAddress": "46.235.97.26",
        "ProcessName": "-",
        "TargetUserName": "Administrator",
        "SubjectLogonId": "0x0",
        "AuthenticationPackageName": "NTLM",
        "TransmittedServices": "-",
        "LogonType": "3",
        "ElevatedToken": "%%1842",
        "LmPackageName": "NTLM V2",
        "ImpersonationLevel": "%%1833",
        "VirtualAccount": "%%1843",
        "KeyLength": "128",
        "ProcessId": "0x0",
        "TargetLogonId": "0x4991fd",
        "SubjectDomainName": "-",
        "TargetOutboundUserName": "-",
        "TargetOutboundDomainName": "-",
        "SubjectUserSid": "S-1-0-0",
        "LogonGuid": "{00000000-0000-0000-0000-000000000000}"
      },
      "version": 2
    }
  },
  {
    "@timestamp": "2022-12-27T17:50:41.279Z",
    "message": "An account was successfully logged on.\n\nSubject:\n\tSecurity ID:\t\tS-1-5-18\n\tAccount Name:\t\tEC2AMAZ-QKFFDE6$\n\tAccount Domain:\t\tWORKGROUP\n\tLogon ID:\t\t0x3E7\n\nLogon Information:\n\tLogon Type:\t\t5\n\tRestricted Admin Mode:\t-\n\tVirtual Account:\t\tNo\n\tElevated Token:\t\tYes\n\nImpersonation Level:\t\tImpersonation\n\nNew Logon:\n\tSecurity ID:\t\tS-1-5-18\n\tAccount Name:\t\tSYSTEM\n\tAccount Domain:\t\tNT AUTHORITY\n\tLogon ID:\t\t0x3E7\n\tLinked Logon ID:\t\t0x0\n\tNetwork Account Name:\t-\n\tNetwork Account Domain:\t-\n\tLogon GUID:\t\t{00000000-0000-0000-0000-000000000000}\n\nProcess Information:\n\tProcess ID:\t\t0x318\n\tProcess Name:\t\tC:\\Windows\\System32\\services.exe\n\nNetwork Information:\n\tWorkstation Name:\t-\n\tSource Network Address:\t-\n\tSource Port:\t\t-\n\nDetailed Authentication Information:\n\tLogon Process:\t\tAdvapi  \n\tAuthentication Package:\tNegotiate\n\tTransited Services:\t-\n\tPackage Name (NTLM only):\t-\n\tKey Length:\t\t0\n\nThis event is generated when a logon session is created. It is generated on the computer that was accessed.\n\nThe subject fields indicate the account on the local system which requested the logon. This is most commonly a service such as the Server service, or a local process such as Winlogon.exe or Services.exe.\n\nThe logon type field indicates the kind of logon that occurred. The most common types are 2 (interactive) and 3 (network).\n\nThe New Logon fields indicate the account for whom the new logon was created, i.e. the account that was logged on.\n\nThe network fields indicate where a remote logon request originated. Workstation name is not always available and may be left blank in some cases.\n\nThe impersonation level field indicates the extent to which a process in the logon session can impersonate.\n\nThe authentication information fields provide detailed information about this specific logon request.\n\t- Logon GUID is a unique identifier that can be used to correlate this event with a KDC event.\n\t- Transited services indicate which intermediate services have participated in this logon request.\n\t- Package name indicates which sub-protocol was used among the NTLM protocols.\n\t- Key length indicates the length of the generated session key. This will be 0 if no session key was requested.",
    "ecs": {
      "version": "1.8.0"
    },
    "agent": {
      "type": "winlogbeat",
      "version": "7.12.1",
      "hostname": "EC2AMAZ-QKFFDE6",
      "ephemeral_id": "795ee5e3-956c-4d7b-9e75-4f20034d2294",
      "id": "1330b689-9f3a-4ce9-8434-940731941cb8",
      "name": "EC2AMAZ-QKFFDE6"
    },
    "cloud": {
      "image": {
        "id": "ami-0be29bafdaad782db"
      },
      "provider": "aws",
      "instance": {
        "id": "i-0ed8f078417e7c314"
      },
      "machine": {
        "type": "t2.micro"
      },
      "region": "us-east-1",
      "availability_zone": "us-east-1d",
      "account": {
        "id": "397721537873"
      }
    },
    "winlog": {
      "api": "wineventlog",
      "keywords": [
        "Audit Success"
      ],
      "provider_guid": "{54849625-5478-4994-a5ba-3e3b0328c30d}",
      "activity_id": "{f04d833f-1a10-0000-d384-4df0101ad901}",
      "provider_name": "Microsoft-Windows-Security-Auditing",
      "record_id": 109112,
      "event_id": 4624,
      "event_data": {
        "IpPort": "-",
        "ElevatedToken": "%%1842",
        "WorkstationName": "-",
        "ImpersonationLevel": "%%1833",
        "SubjectDomainName": "WORKGROUP",
        "TargetLinkedLogonId": "0x0",
        "LogonProcessName": "Advapi  ",
        "TransmittedServices": "-",
        "TargetDomainName": "NT AUTHORITY",
        "VirtualAccount": "%%1843",
        "SubjectLogonId": "0x3e7",
        "RestrictedAdminMode": "-",
        "AuthenticationPackageName": "Negotiate",
        "IpAddress": "-",
        "ProcessId": "0x318",
        "SubjectUserSid": "S-1-5-18",
        "TargetUserName": "SYSTEM",
        "TargetOutboundDomainName": "-",
        "TargetUserSid": "S-1-5-18",
        "LogonGuid": "{00000000-0000-0000-0000-000000000000}",
        "LmPackageName": "-",
        "TargetOutboundUserName": "-",
        "TargetLogonId": "0x3e7",
        "KeyLength": "0",
        "ProcessName": "C:\\Windows\\System32\\services.exe",
        "LogonType": "5",
        "SubjectUserName": "EC2AMAZ-QKFFDE6$"
      },
      "computer_name": "EC2AMAZ-QKFFDE6",
      "opcode": "Info",
      "version": 2,
      "task": "Logon",
      "process": {
        "thread": {
          "id": 2532
        },
        "pid": 804
      },
      "channel": "Security"
    },
    "event": {
      "provider": "Microsoft-Windows-Security-Auditing",
      "action": "Logon",
      "created": "2022-12-27T20:24:58.272Z",
      "outcome": "success",
      "kind": "event",
      "code": 4624
    },
    "host": {
      "id": "9fd5e9f9-fecb-4a81-91b1-5a4368efef12",
      "ip": [
        "fe80::b1f1:86c3:c3fb:8097",
        "172.31.84.109"
      ],
      "mac": [
        "12:81:05:d6:d5:4f"
      ],
      "hostname": "EC2AMAZ-QKFFDE6",
      "architecture": "x86_64",
      "name": "EC2AMAZ-QKFFDE6",
      "os": {
        "type": "windows",
        "platform": "windows",
        "version": "10.0",
        "family": "windows",
        "name": "Windows Server 2022 Datacenter",
        "kernel": "10.0.20348.1366 (WinBuild.160101.0800)",
        "build": "20348.1366"
      }
    },
    "log": {
      "level": "information"
    }
  },
  {
    "@timestamp": "2022-12-27T17:49:34.791Z",
    "cloud": {
      "image": {
        "id": "ami-0be29bafdaad782db"
      },
      "provider": "aws",
      "instance": {
        "id": "i-0ed8f078417e7c314"
      },
      "machine": {
        "type": "t2.micro"
      },
      "region": "us-east-1",
      "availability_zone": "us-east-1d",
      "account": {
        "id": "397721537873"
      }
    },
    "host": {
      "architecture": "x86_64",
      "os": {
        "version": "10.0",
        "family": "windows",
        "name": "Windows Server 2022 Datacenter",
        "kernel": "10.0.20348.1366 (WinBuild.160101.0800)",
        "build": "20348.1366",
        "type": "windows",
        "platform": "windows"
      },
      "id": "9fd5e9f9-fecb-4a81-91b1-5a4368efef12",
      "ip": [
        "fe80::b1f1:86c3:c3fb:8097",
        "172.31.84.109"
      ],
      "mac": [
        "12:81:05:d6:d5:4f"
      ],
      "hostname": "EC2AMAZ-QKFFDE6",
      "name": "EC2AMAZ-QKFFDE6"
    },
    "log": {
      "level": "information"
    },
    "message": "An account was successfully logged on.\n\nSubject:\n\tSecurity ID:\t\tS-1-5-18\n\tAccount Name:\t\tEC2AMAZ-QKFFDE6$\n\tAccount Domain:\t\tWORKGROUP\n\tLogon ID:\t\t0x3E7\n\nLogon Information:\n\tLogon Type:\t\t5\n\tRestricted Admin Mode:\t-\n\tVirtual Account:\t\tNo\n\tElevated Token:\t\tYes\n\nImpersonation Level:\t\tImpersonation\n\nNew Logon:\n\tSecurity ID:\t\tS-1-5-18\n\tAccount Name:\t\tSYSTEM\n\tAccount Domain:\t\tNT AUTHORITY\n\tLogon ID:\t\t0x3E7\n\tLinked Logon ID:\t\t0x0\n\tNetwork Account Name:\t-\n\tNetwork Account Domain:\t-\n\tLogon GUID:\t\t{00000000-0000-0000-0000-000000000000}\n\nProcess Information:\n\tProcess ID:\t\t0x318\n\tProcess Name:\t\tC:\\Windows\\System32\\services.exe\n\nNetwork Information:\n\tWorkstation Name:\t-\n\tSource Network Address:\t-\n\tSource Port:\t\t-\n\nDetailed Authentication Information:\n\tLogon Process:\t\tAdvapi  \n\tAuthentication Package:\tNegotiate\n\tTransited Services:\t-\n\tPackage Name (NTLM only):\t-\n\tKey Length:\t\t0\n\nThis event is generated when a logon session is created. It is generated on the computer that was accessed.\n\nThe subject fields indicate the account on the local system which requested the logon. This is most commonly a service such as the Server service, or a local process such as Winlogon.exe or Services.exe.\n\nThe logon type field indicates the kind of logon that occurred. The most common types are 2 (interactive) and 3 (network).\n\nThe New Logon fields indicate the account for whom the new logon was created, i.e. the account that was logged on.\n\nThe network fields indicate where a remote logon request originated. Workstation name is not always available and may be left blank in some cases.\n\nThe impersonation level field indicates the extent to which a process in the logon session can impersonate.\n\nThe authentication information fields provide detailed information about this specific logon request.\n\t- Logon GUID is a unique identifier that can be used to correlate this event with a KDC event.\n\t- Transited services indicate which intermediate services have participated in this logon request.\n\t- Package name indicates which sub-protocol was used among the NTLM protocols.\n\t- Key length indicates the length of the generated session key. This will be 0 if no session key was requested.",
    "winlog": {
      "record_id": 109110,
      "version": 2,
      "channel": "Security",
      "event_id": 4624,
      "api": "wineventlog",
      "provider_guid": "{54849625-5478-4994-a5ba-3e3b0328c30d}",
      "activity_id": "{f04d833f-1a10-0000-d384-4df0101ad901}",
      "keywords": [
        "Audit Success"
      ],
      "task": "Logon",
      "opcode": "Info",
      "provider_name": "Microsoft-Windows-Security-Auditing",
      "event_data": {
        "IpAddress": "-",
        "WorkstationName": "-",
        "TargetUserName": "SYSTEM",
        "IpPort": "-",
        "VirtualAccount": "%%1843",
        "SubjectUserSid": "S-1-5-18",
        "LmPackageName": "-",
        "LogonProcessName": "Advapi  ",
        "TransmittedServices": "-",
        "TargetLinkedLogonId": "0x0",
        "TargetUserSid": "S-1-5-18",
        "TargetDomainName": "NT AUTHORITY",
        "KeyLength": "0",
        "TargetLogonId": "0x3e7",
        "TargetOutboundDomainName": "-",
        "SubjectDomainName": "WORKGROUP",
        "SubjectUserName": "EC2AMAZ-QKFFDE6$",
        "AuthenticationPackageName": "Negotiate",
        "ProcessId": "0x318",
        "RestrictedAdminMode": "-",
        "ProcessName": "C:\\Windows\\System32\\services.exe",
        "ImpersonationLevel": "%%1833",
        "TargetOutboundUserName": "-",
        "SubjectLogonId": "0x3e7",
        "LogonType": "5",
        "LogonGuid": "{00000000-0000-0000-0000-000000000000}",
        "ElevatedToken": "%%1842"
      },
      "process": {
        "pid": 804,
        "thread": {
          "id": 2532
        }
      },
      "computer_name": "EC2AMAZ-QKFFDE6"
    },
    "event": {
      "kind": "event",
      "code": 4624,
      "provider": "Microsoft-Windows-Security-Auditing",
      "action": "Logon",
      "created": "2022-12-27T20:24:58.272Z",
      "outcome": "success"
    },
    "ecs": {
      "version": "1.8.0"
    },
    "agent": {
      "ephemeral_id": "795ee5e3-956c-4d7b-9e75-4f20034d2294",
      "id": "1330b689-9f3a-4ce9-8434-940731941cb8",
      "name": "EC2AMAZ-QKFFDE6",
      "type": "winlogbeat",
      "version": "7.12.1",
      "hostname": "EC2AMAZ-QKFFDE6"
    }
  },
